Flow report for lab1
Wed Jul 31 13:25:05 2019
Quartus Prime Version 16.1.0 Build 196 10/24/2016 SJ Standard Edition


---------------------
; Table of Contents ;
---------------------
  1. Legal Notice
  2. Flow Summary
  3. Flow Settings
  4. Flow Non-Default Global Settings
  5. Flow Elapsed Time
  6. Flow OS Summary
  7. Flow Log
  8. Flow Messages
  9. Flow Suppressed Messages



----------------
; Legal Notice ;
----------------
Copyright (C) 2016  Intel Corporation. All rights reserved.
Your use of Intel Corporation's design tools, logic functions 
and other software and tools, and its AMPP partner logic 
functions, and any output files from any of the foregoing 
(including device programming or simulation files), and any 
associated documentation or information are expressly subject 
to the terms and conditions of the Intel Program License 
Subscription Agreement, the Intel Quartus Prime License Agreement,
the Intel MegaCore Function License Agreement, or other 
applicable license agreement, including, without limitation, 
that your use is for the sole purpose of programming logic 
devices manufactured by Intel and sold by Intel or its 
authorized distributors.  Please refer to the applicable 
agreement for further details.



+--------------------------------------------------------------------------------------+
; Flow Summary                                                                         ;
+------------------------------------+-------------------------------------------------+
; Flow Status                        ; Successful - Wed Jul 31 13:24:59 2019           ;
; Quartus Prime Version              ; 16.1.0 Build 196 10/24/2016 SJ Standard Edition ;
; Revision Name                      ; lab1                                            ;
; Top-level Entity Name              ; lab1                                            ;
; Family                             ; Cyclone IV E                                    ;
; Device                             ; EP4CE115F29C7                                   ;
; Timing Models                      ; Final                                           ;
; Total logic elements               ; 4,896 / 114,480 ( 4 % )                         ;
;     Total combinational functions  ; 4,306 / 114,480 ( 4 % )                         ;
;     Dedicated logic registers      ; 3,100 / 114,480 ( 3 % )                         ;
; Total registers                    ; 3168                                            ;
; Total pins                         ; 103 / 529 ( 19 % )                              ;
; Total virtual pins                 ; 0                                               ;
; Total memory bits                  ; 310,656 / 3,981,312 ( 8 % )                     ;
; Embedded Multiplier 9-bit elements ; 6 / 532 ( 1 % )                                 ;
; Total PLLs                         ; 1 / 4 ( 25 % )                                  ;
+------------------------------------+-------------------------------------------------+


+-----------------------------------------+
; Flow Settings                           ;
+-------------------+---------------------+
; Option            ; Setting             ;
+-------------------+---------------------+
; Start date & time ; 07/31/2019 13:22:42 ;
; Main task         ; Compilation         ;
; Revision Name     ; lab1                ;
+-------------------+---------------------+


+--------------------------------------------------------------------------------------------------------------------------------------------------+
; Flow Non-Default Global Settings                                                                                                                 ;
+-------------------------------------+----------------------------------------------------------------+---------------+--------------+------------+
; Assignment Name                     ; Value                                                          ; Default Value ; Entity Name  ; Section Id ;
+-------------------------------------+----------------------------------------------------------------+---------------+--------------+------------+
; COMPILER_SIGNATURE_ID               ; 109952947345616.156453616212016                                ; --            ; --           ; --         ;
; MAX_CORE_JUNCTION_TEMP              ; 85                                                             ; --            ; --           ; --         ;
; MIN_CORE_JUNCTION_TEMP              ; 0                                                              ; --            ; --           ; --         ;
; MISC_FILE                           ; nios2_system/synthesis/../nios2_system.cmp                     ; --            ; --           ; --         ;
; MISC_FILE                           ; nios2_system/synthesis/../../nios2_system.qsys                 ; --            ; --           ; --         ;
; NOMINAL_CORE_SUPPLY_VOLTAGE         ; 1.2V                                                           ; --            ; --           ; --         ;
; PARTITION_COLOR                     ; -- (Not supported for targeted family)                         ; --            ; --           ; Top        ;
; PARTITION_FITTER_PRESERVATION_LEVEL ; -- (Not supported for targeted family)                         ; --            ; --           ; Top        ;
; PARTITION_NETLIST_TYPE              ; -- (Not supported for targeted family)                         ; --            ; --           ; Top        ;
; POWER_BOARD_THERMAL_MODEL           ; None (CONSERVATIVE)                                            ; --            ; --           ; --         ;
; POWER_PRESET_COOLING_SOLUTION       ; 23 MM HEAT SINK WITH 200 LFPM AIRFLOW                          ; --            ; --           ; --         ;
; PROJECT_OUTPUT_DIRECTORY            ; output_files                                                   ; --            ; --           ; --         ;
; SLD_FILE                            ; nios2_system/synthesis/nios2_system.regmap                     ; --            ; --           ; --         ;
; SLD_FILE                            ; nios2_system/synthesis/nios2_system.debuginfo                  ; --            ; --           ; --         ;
; SLD_INFO                            ; QSYS_NAME nios2_system HAS_SOPCINFO 1 GENERATION_ID 1564534345 ; --            ; nios2_system ; --         ;
; SOPCINFO_FILE                       ; nios2_system/synthesis/../../nios2_system.sopcinfo             ; --            ; --           ; --         ;
; SYNTHESIS_ONLY_QIP                  ; On                                                             ; --            ; --           ; --         ;
+-------------------------------------+----------------------------------------------------------------+---------------+--------------+------------+


+-------------------------------------------------------------------------------------------------------------------------------+
; Flow Elapsed Time                                                                                                             ;
+---------------------------+--------------+-------------------------+---------------------+------------------------------------+
; Module Name               ; Elapsed Time ; Average Processors Used ; Peak Virtual Memory ; Total CPU Time (on all processors) ;
+---------------------------+--------------+-------------------------+---------------------+------------------------------------+
; Analysis & Synthesis      ; 00:01:34     ; 1.0                     ; 928 MB              ; 00:02:06                           ;
; Fitter                    ; 00:00:31     ; 1.0                     ; 1754 MB             ; 00:00:34                           ;
; Assembler                 ; 00:00:05     ; 1.0                     ; 637 MB              ; 00:00:04                           ;
; TimeQuest Timing Analyzer ; 00:00:05     ; 1.1                     ; 835 MB              ; 00:00:04                           ;
; Total                     ; 00:02:15     ; --                      ; --                  ; 00:02:48                           ;
+---------------------------+--------------+-------------------------+---------------------+------------------------------------+


+-----------------------------------------------------------------------------------------+
; Flow OS Summary                                                                         ;
+---------------------------+------------------+------------+------------+----------------+
; Module Name               ; Machine Hostname ; OS Name    ; OS Version ; Processor type ;
+---------------------------+------------------+------------+------------+----------------+
; Analysis & Synthesis      ; EN-337518        ; Windows 10 ; 10.0       ; x86_64         ;
; Fitter                    ; EN-337518        ; Windows 10 ; 10.0       ; x86_64         ;
; Assembler                 ; EN-337518        ; Windows 10 ; 10.0       ; x86_64         ;
; TimeQuest Timing Analyzer ; EN-337518        ; Windows 10 ; 10.0       ; x86_64         ;
+---------------------------+------------------+------------+------------+----------------+


------------
; Flow Log ;
------------
quartus_map --read_settings_files=on --write_settings_files=off lab1 -c lab1
quartus_fit --read_settings_files=off --write_settings_files=off lab1 -c lab1
quartus_asm --read_settings_files=off --write_settings_files=off lab1 -c lab1
quartus_sta lab1 -c lab1



